[debug] [2022-07-28T00:45:29.817Z] ----------------------------------------------------------------------
[debug] [2022-07-28T00:45:29.818Z] Command:       /usr/local/bin/node /usr/local/bin/firebase deploy
[debug] [2022-07-28T00:45:29.818Z] CLI Version:   11.3.0
[debug] [2022-07-28T00:45:29.818Z] Platform:      darwin
[debug] [2022-07-28T00:45:29.819Z] Node Version:  v16.14.0
[debug] [2022-07-28T00:45:29.819Z] Time:          Thu Jul 28 2022 06:15:29 GMT+0530 (India Standard Time)
[debug] [2022-07-28T00:45:29.819Z] ----------------------------------------------------------------------
[debug] 
[debug] [2022-07-28T00:45:29.863Z] > command requires scopes: ["email","openid","https://www.googleapis.com/auth/cloudplatformprojects.readonly","https://www.googleapis.com/auth/firebase","https://www.googleapis.com/auth/cloud-platform"]
[debug] [2022-07-28T00:45:29.863Z] > authorizing via signed-in user (imtas00@gmail.com)
[debug] [2022-07-28T00:45:29.863Z] [iam] checking project trilllo for permissions ["firebase.projects.get","firebasehosting.sites.update"]
[debug] [2022-07-28T00:45:29.864Z] >>> [apiv2][query] POST https://cloudresourcemanager.googleapis.com/v1/projects/trilllo:testIamPermissions [none]
[debug] [2022-07-28T00:45:29.864Z] >>> [apiv2][body] POST https://cloudresourcemanager.googleapis.com/v1/projects/trilllo:testIamPermissions {"permissions":["firebase.projects.get","firebasehosting.sites.update"]}
[debug] [2022-07-28T00:45:31.367Z] <<< [apiv2][status] POST https://cloudresourcemanager.googleapis.com/v1/projects/trilllo:testIamPermissions 200
[debug] [2022-07-28T00:45:31.368Z] <<< [apiv2][body] POST https://cloudresourcemanager.googleapis.com/v1/projects/trilllo:testIamPermissions {"permissions":["firebase.projects.get","firebasehosting.sites.update"]}
[debug] [2022-07-28T00:45:31.369Z] >>> [apiv2][query] GET https://firebase.googleapis.com/v1beta1/projects/trilllo [none]
[debug] [2022-07-28T00:45:32.184Z] <<< [apiv2][status] GET https://firebase.googleapis.com/v1beta1/projects/trilllo 200
[debug] [2022-07-28T00:45:32.184Z] <<< [apiv2][body] GET https://firebase.googleapis.com/v1beta1/projects/trilllo {"projectId":"trilllo","projectNumber":"685530547487","displayName":"trilllo","name":"projects/trilllo","resources":{"hostingSite":"trilllo"},"state":"ACTIVE","etag":"1_b770e8d8-10ef-414f-89db-d8db2e52d53f"}
[info] 
[info] === Deploying to 'trilllo'...
[info] 
[info] i  deploying hosting 
[debug] [2022-07-28T00:45:32.188Z] >>> [apiv2][query] GET https://firebase.googleapis.com/v1beta1/projects/trilllo [none]
[debug] [2022-07-28T00:45:32.961Z] <<< [apiv2][status] GET https://firebase.googleapis.com/v1beta1/projects/trilllo 200
[debug] [2022-07-28T00:45:32.961Z] <<< [apiv2][body] GET https://firebase.googleapis.com/v1beta1/projects/trilllo {"projectId":"trilllo","projectNumber":"685530547487","displayName":"trilllo","name":"projects/trilllo","resources":{"hostingSite":"trilllo"},"state":"ACTIVE","etag":"1_b770e8d8-10ef-414f-89db-d8db2e52d53f"}
[debug] [2022-07-28T00:45:32.965Z] >>> [apiv2][query] POST https://firebasehosting.googleapis.com/v1beta1/projects/685530547487/sites/trilllo/versions [none]
[debug] [2022-07-28T00:45:32.965Z] >>> [apiv2][body] POST https://firebasehosting.googleapis.com/v1beta1/projects/685530547487/sites/trilllo/versions {"config":{"rewrites":[{"glob":"**","path":"/index.html"}]},"labels":{"deployment-tool":"cli-firebase"}}
[debug] [2022-07-28T00:45:35.765Z] <<< [apiv2][status] POST https://firebasehosting.googleapis.com/v1beta1/projects/685530547487/sites/trilllo/versions 200
[debug] [2022-07-28T00:45:35.765Z] <<< [apiv2][body] POST https://firebasehosting.googleapis.com/v1beta1/projects/685530547487/sites/trilllo/versions {"name":"projects/685530547487/sites/trilllo/versions/dd26271101d69a02","status":"CREATED","config":{"rewrites":[{"glob":"**","path":"/index.html"}]},"labels":{"deployment-tool":"cli-firebase"}}
[info] i  hosting[trilllo]: beginning deploy... 
[info] i  hosting[trilllo]: found 25 files in build 
[debug] [2022-07-28T00:45:35.779Z] [hosting] uploading with 200 concurrency
[debug] [2022-07-28T00:45:35.780Z] [hosting] hash cache [YnVpbGQ] not populated
[debug] [2022-07-28T00:45:36.747Z] [hosting] hash cache [YnVpbGQ] stored for 25 files
[debug] [2022-07-28T00:45:36.747Z] [hosting][hash queue][FINAL] {"max":963,"min":16,"avg":97.84,"active":0,"complete":25,"success":25,"errored":0,"retried":0,"total":25,"elapsed":967}
[debug] [2022-07-28T00:45:36.747Z] >>> [apiv2][query] POST https://firebasehosting.googleapis.com/v1beta1/projects/685530547487/sites/trilllo/versions/dd26271101d69a02:populateFiles [none]
[debug] [2022-07-28T00:45:36.748Z] >>> [apiv2][body] POST https://firebasehosting.googleapis.com/v1beta1/projects/685530547487/sites/trilllo/versions/dd26271101d69a02:populateFiles {"files":{"/asset-manifest.json":"ead92abb95cb362ac74ba3a6d8fdbc21420c8a290ddd3418c62f6605fa476777","/static/css/main.c3bab8df.css":"d0f65b52bcf7f6a5403b038369b5efffde8365941ef55cd4b48b7e13a5400991","/index.html":"73fe54bc4d3b9132885d4128519c9325444e6e04dc243d76023f4ce4a92e35dd","/static/js/main.79b3d842.js.LICENSE.txt":"a26897b3fbd2a235ddc8a5ebd8ca6a66cdb5d773a02a8a88aa528877b3549284","/static/css/main.c3bab8df.css.map":"a6c921ab23d6bc9205720ace922a94da3c2c20ac26a482f0d3bd617f396bf83b","/static/media/add.1f7e62a0f260f586211960ca6f089692.svg":"35154e03c7b353c49d9f38341d00c7926c461809fa6b6878b24cfb2161a873fc","/static/media/calendar.2e304dc82dc5999eab955a5fd47c662c.svg":"b3b359dad302ac0f3f657bc8a4de20dd701ce3c8b518fd1954081a4f3c46be74","/static/media/chat.1464c170bb7df09de26ce0b1ee4b586f.svg":"809a9cd6798ff8aa32d18b294e0c0ce54000896e9ea75c74d230853686a7c539","/static/media/comment.c1469bbd2f839afa8c020f3d8d13516e.svg":"4070d358d420e7c3a276b7b4a0d6afc6f0dcd49a39bf24f865fb7d5a255a90eb","/static/media/filter.2d2b43b3ed5b5fbdc4dc9dae7f7544e9.svg":"4fd190eebc964e0d5c0d2fbcc4a7e7f11c3605d8a4fe6939005e5e98df33af79","/static/media/profile.2aa202d9209b24c7985d237d613af10e.svg":"84d2deb687f36b23cbbe824272f1d81fcc4043d72c0926f5b745deb9b0283d8a","/static/media/logout.ae21123ee1ea32d23387188fa4e6ed0a.svg":"a3e2d6567e8cc827b87a093f2a0142481f966803af11fa635cd817b3a0376d43","/static/media/login.2f297cd9665e647ffe61f6e73c0df9b4.svg":"cd5f193a7309e37caa28818bf3f65043d61ec0f7b4d4a4e7f9d978fbcf137527","/static/media/overview.18fd11b893bd8406b1cda93fd60da54c.svg":"c2f4d95b7130b39ceab312c3fdb4f994b2cd428ab22ad12dbde42b6b72e50d19","/static/media/projects.1bccdc95ac5c8902bf6f26e2ec5be23b.svg":"fd822478b634a79bf038eae8bbe4655fcca0200e320ae6044e5cd37ad0655785","/static/media/settings.b93edf4a443cc2d14e8adc7b223d0f8b.svg":"fae03a59ed9c799e2e27f112b8308316a804226e2c18f53224fcbc90515e8dec","/static/media/search.04753d59a266246f057724caf929aecf.svg":"9b7ee9dcbca7b3a88fdf02298cb3ade4ad0757d12c098369bca88939bbf87e9b","/static/media/stats.7ec548ebd55b25311b41ec449a1b88ae.svg":"f7c4bc2d518401dfc32ecfe6ea95463a0c5fa805b2dd15194ce01aa7c95e2720","/static/js/main.79b3d842.js":"14772177687bebb5a19ab9004ecc484af74ffe8fac9c2a3fbccdcd8115fba3f2","/static/media/profile1.95a1bed339b60bce072eb175ddb68dba.svg":"f5387f107dfb0f96214c0ff75568798d538811672e77bcccd94bf214cb359d81","/static/media/profile4.3f83180e4adff7d62388630653dffcb2.svg":"92168dc32b9d7f3a917e46284677842897e337fe7215a183f6c9ae7a46a17ba8","/static/media/profile3.013f9922c9a51c77f93ce3cfeee908eb.svg":"61f497b47b0d8b80be6f24f60b6424c55c56d4eea8e320a6bc6c5454e61edbf4","/static/media/profile5.90a39f270a2277711b927e4af8680ae5.svg":"0e843d9ed11dd8d4f259ef14ca98ce1117a007c8c4a1b5011a8f65d9f4d0ef34","/static/media/profile2.1be344aa3a141e33f416fa8378ed49e8.svg":"a78c4e4df090e7e2bfad5ab9eeff4907513d307e33958e343c37f4313cf0be94","/static/js/main.79b3d842.js.map":"befda77e3760911741bf204d20648278346db74ddef13e11b53c61b74b236508"}}
[debug] [2022-07-28T00:45:38.632Z] <<< [apiv2][status] POST https://firebasehosting.googleapis.com/v1beta1/projects/685530547487/sites/trilllo/versions/dd26271101d69a02:populateFiles 200
[debug] [2022-07-28T00:45:38.632Z] <<< [apiv2][body] POST https://firebasehosting.googleapis.com/v1beta1/projects/685530547487/sites/trilllo/versions/dd26271101d69a02:populateFiles {"uploadRequiredHashes":["9b7ee9dcbca7b3a88fdf02298cb3ade4ad0757d12c098369bca88939bbf87e9b","73fe54bc4d3b9132885d4128519c9325444e6e04dc243d76023f4ce4a92e35dd","a6c921ab23d6bc9205720ace922a94da3c2c20ac26a482f0d3bd617f396bf83b","c2f4d95b7130b39ceab312c3fdb4f994b2cd428ab22ad12dbde42b6b72e50d19","61f497b47b0d8b80be6f24f60b6424c55c56d4eea8e320a6bc6c5454e61edbf4","a26897b3fbd2a235ddc8a5ebd8ca6a66cdb5d773a02a8a88aa528877b3549284","92168dc32b9d7f3a917e46284677842897e337fe7215a183f6c9ae7a46a17ba8","809a9cd6798ff8aa32d18b294e0c0ce54000896e9ea75c74d230853686a7c539","a78c4e4df090e7e2bfad5ab9eeff4907513d307e33958e343c37f4313cf0be94","ead92abb95cb362ac74ba3a6d8fdbc21420c8a290ddd3418c62f6605fa476777","4fd190eebc964e0d5c0d2fbcc4a7e7f11c3605d8a4fe6939005e5e98df33af79","d0f65b52bcf7f6a5403b038369b5efffde8365941ef55cd4b48b7e13a5400991","cd5f193a7309e37caa28818bf3f65043d61ec0f7b4d4a4e7f9d978fbcf137527","fd822478b634a79bf038eae8bbe4655fcca0200e320ae6044e5cd37ad0655785","a3e2d6567e8cc827b87a093f2a0142481f966803af11fa635cd817b3a0376d43","14772177687bebb5a19ab9004ecc484af74ffe8fac9c2a3fbccdcd8115fba3f2","0e843d9ed11dd8d4f259ef14ca98ce1117a007c8c4a1b5011a8f65d9f4d0ef34","f7c4bc2d518401dfc32ecfe6ea95463a0c5fa805b2dd15194ce01aa7c95e2720","84d2deb687f36b23cbbe824272f1d81fcc4043d72c0926f5b745deb9b0283d8a","befda77e3760911741bf204d20648278346db74ddef13e11b53c61b74b236508","f5387f107dfb0f96214c0ff75568798d538811672e77bcccd94bf214cb359d81","fae03a59ed9c799e2e27f112b8308316a804226e2c18f53224fcbc90515e8dec","b3b359dad302ac0f3f657bc8a4de20dd701ce3c8b518fd1954081a4f3c46be74","4070d358d420e7c3a276b7b4a0d6afc6f0dcd49a39bf24f865fb7d5a255a90eb","35154e03c7b353c49d9f38341d00c7926c461809fa6b6878b24cfb2161a873fc"],"uploadUrl":"https://upload-firebasehosting.googleapis.com/upload/sites/trilllo/versions/dd26271101d69a02/files"}
[debug] [2022-07-28T00:45:38.636Z] >>> [apiv2][query] POST https://upload-firebasehosting.googleapis.com/upload/sites/trilllo/versions/dd26271101d69a02/files/9b7ee9dcbca7b3a88fdf02298cb3ade4ad0757d12c098369bca88939bbf87e9b [none]
[debug] [2022-07-28T00:45:38.636Z] >>> [apiv2][body] POST https://upload-firebasehosting.googleapis.com/upload/sites/trilllo/versions/dd26271101d69a02/files/9b7ee9dcbca7b3a88fdf02298cb3ade4ad0757d12c098369bca88939bbf87e9b [stream]
[debug] [2022-07-28T00:45:38.637Z] >>> [apiv2][query] POST https://upload-firebasehosting.googleapis.com/upload/sites/trilllo/versions/dd26271101d69a02/files/73fe54bc4d3b9132885d4128519c9325444e6e04dc243d76023f4ce4a92e35dd [none]
[debug] [2022-07-28T00:45:38.637Z] >>> [apiv2][body] POST https://upload-firebasehosting.googleapis.com/upload/sites/trilllo/versions/dd26271101d69a02/files/73fe54bc4d3b9132885d4128519c9325444e6e04dc243d76023f4ce4a92e35dd [stream]
[debug] [2022-07-28T00:45:38.637Z] >>> [apiv2][query] POST https://upload-firebasehosting.googleapis.com/upload/sites/trilllo/versions/dd26271101d69a02/files/a6c921ab23d6bc9205720ace922a94da3c2c20ac26a482f0d3bd617f396bf83b [none]
[debug] [2022-07-28T00:45:38.637Z] >>> [apiv2][body] POST https://upload-firebasehosting.googleapis.com/upload/sites/trilllo/versions/dd26271101d69a02/files/a6c921ab23d6bc9205720ace922a94da3c2c20ac26a482f0d3bd617f396bf83b [stream]
[debug] [2022-07-28T00:45:38.638Z] >>> [apiv2][query] POST https://upload-firebasehosting.googleapis.com/upload/sites/trilllo/versions/dd26271101d69a02/files/c2f4d95b7130b39ceab312c3fdb4f994b2cd428ab22ad12dbde42b6b72e50d19 [none]
[debug] [2022-07-28T00:45:38.638Z] >>> [apiv2][body] POST https://upload-firebasehosting.googleapis.com/upload/sites/trilllo/versions/dd26271101d69a02/files/c2f4d95b7130b39ceab312c3fdb4f994b2cd428ab22ad12dbde42b6b72e50d19 [stream]
[debug] [2022-07-28T00:45:38.639Z] >>> [apiv2][query] POST https://upload-firebasehosting.googleapis.com/upload/sites/trilllo/versions/dd26271101d69a02/files/61f497b47b0d8b80be6f24f60b6424c55c56d4eea8e320a6bc6c5454e61edbf4 [none]
[debug] [2022-07-28T00:45:38.639Z] >>> [apiv2][body] POST https://upload-firebasehosting.googleapis.com/upload/sites/trilllo/versions/dd26271101d69a02/files/61f497b47b0d8b80be6f24f60b6424c55c56d4eea8e320a6bc6c5454e61edbf4 [stream]
[debug] [2022-07-28T00:45:38.640Z] >>> [apiv2][query] POST https://upload-firebasehosting.googleapis.com/upload/sites/trilllo/versions/dd26271101d69a02/files/a26897b3fbd2a235ddc8a5ebd8ca6a66cdb5d773a02a8a88aa528877b3549284 [none]
[debug] [2022-07-28T00:45:38.640Z] >>> [apiv2][body] POST https://upload-firebasehosting.googleapis.com/upload/sites/trilllo/versions/dd26271101d69a02/files/a26897b3fbd2a235ddc8a5ebd8ca6a66cdb5d773a02a8a88aa528877b3549284 [stream]
[debug] [2022-07-28T00:45:38.640Z] >>> [apiv2][query] POST https://upload-firebasehosting.googleapis.com/upload/sites/trilllo/versions/dd26271101d69a02/files/92168dc32b9d7f3a917e46284677842897e337fe7215a183f6c9ae7a46a17ba8 [none]
[debug] [2022-07-28T00:45:38.640Z] >>> [apiv2][body] POST https://upload-firebasehosting.googleapis.com/upload/sites/trilllo/versions/dd26271101d69a02/files/92168dc32b9d7f3a917e46284677842897e337fe7215a183f6c9ae7a46a17ba8 [stream]
[debug] [2022-07-28T00:45:38.641Z] >>> [apiv2][query] POST https://upload-firebasehosting.googleapis.com/upload/sites/trilllo/versions/dd26271101d69a02/files/809a9cd6798ff8aa32d18b294e0c0ce54000896e9ea75c74d230853686a7c539 [none]
[debug] [2022-07-28T00:45:38.641Z] >>> [apiv2][body] POST https://upload-firebasehosting.googleapis.com/upload/sites/trilllo/versions/dd26271101d69a02/files/809a9cd6798ff8aa32d18b294e0c0ce54000896e9ea75c74d230853686a7c539 [stream]
[debug] [2022-07-28T00:45:38.642Z] >>> [apiv2][query] POST https://upload-firebasehosting.googleapis.com/upload/sites/trilllo/versions/dd26271101d69a02/files/a78c4e4df090e7e2bfad5ab9eeff4907513d307e33958e343c37f4313cf0be94 [none]
[debug] [2022-07-28T00:45:38.642Z] >>> [apiv2][body] POST https://upload-firebasehosting.googleapis.com/upload/sites/trilllo/versions/dd26271101d69a02/files/a78c4e4df090e7e2bfad5ab9eeff4907513d307e33958e343c37f4313cf0be94 [stream]
[debug] [2022-07-28T00:45:38.643Z] >>> [apiv2][query] POST https://upload-firebasehosting.googleapis.com/upload/sites/trilllo/versions/dd26271101d69a02/files/ead92abb95cb362ac74ba3a6d8fdbc21420c8a290ddd3418c62f6605fa476777 [none]
[debug] [2022-07-28T00:45:38.643Z] >>> [apiv2][body] POST https://upload-firebasehosting.googleapis.com/upload/sites/trilllo/versions/dd26271101d69a02/files/ead92abb95cb362ac74ba3a6d8fdbc21420c8a290ddd3418c62f6605fa476777 [stream]
[debug] [2022-07-28T00:45:38.643Z] >>> [apiv2][query] POST https://upload-firebasehosting.googleapis.com/upload/sites/trilllo/versions/dd26271101d69a02/files/4fd190eebc964e0d5c0d2fbcc4a7e7f11c3605d8a4fe6939005e5e98df33af79 [none]
[debug] [2022-07-28T00:45:38.643Z] >>> [apiv2][body] POST https://upload-firebasehosting.googleapis.com/upload/sites/trilllo/versions/dd26271101d69a02/files/4fd190eebc964e0d5c0d2fbcc4a7e7f11c3605d8a4fe6939005e5e98df33af79 [stream]
[debug] [2022-07-28T00:45:38.644Z] >>> [apiv2][query] POST https://upload-firebasehosting.googleapis.com/upload/sites/trilllo/versions/dd26271101d69a02/files/d0f65b52bcf7f6a5403b038369b5efffde8365941ef55cd4b48b7e13a5400991 [none]
[debug] [2022-07-28T00:45:38.644Z] >>> [apiv2][body] POST https://upload-firebasehosting.googleapis.com/upload/sites/trilllo/versions/dd26271101d69a02/files/d0f65b52bcf7f6a5403b038369b5efffde8365941ef55cd4b48b7e13a5400991 [stream]
[debug] [2022-07-28T00:45:38.646Z] >>> [apiv2][query] POST https://upload-firebasehosting.googleapis.com/upload/sites/trilllo/versions/dd26271101d69a02/files/cd5f193a7309e37caa28818bf3f65043d61ec0f7b4d4a4e7f9d978fbcf137527 [none]
[debug] [2022-07-28T00:45:38.646Z] >>> [apiv2][body] POST https://upload-firebasehosting.googleapis.com/upload/sites/trilllo/versions/dd26271101d69a02/files/cd5f193a7309e37caa28818bf3f65043d61ec0f7b4d4a4e7f9d978fbcf137527 [stream]
[debug] [2022-07-28T00:45:38.646Z] >>> [apiv2][query] POST https://upload-firebasehosting.googleapis.com/upload/sites/trilllo/versions/dd26271101d69a02/files/fd822478b634a79bf038eae8bbe4655fcca0200e320ae6044e5cd37ad0655785 [none]
[debug] [2022-07-28T00:45:38.646Z] >>> [apiv2][body] POST https://upload-firebasehosting.googleapis.com/upload/sites/trilllo/versions/dd26271101d69a02/files/fd822478b634a79bf038eae8bbe4655fcca0200e320ae6044e5cd37ad0655785 [stream]
[debug] [2022-07-28T00:45:38.647Z] >>> [apiv2][query] POST https://upload-firebasehosting.googleapis.com/upload/sites/trilllo/versions/dd26271101d69a02/files/a3e2d6567e8cc827b87a093f2a0142481f966803af11fa635cd817b3a0376d43 [none]
[debug] [2022-07-28T00:45:38.647Z] >>> [apiv2][body] POST https://upload-firebasehosting.googleapis.com/upload/sites/trilllo/versions/dd26271101d69a02/files/a3e2d6567e8cc827b87a093f2a0142481f966803af11fa635cd817b3a0376d43 [stream]
[debug] [2022-07-28T00:45:38.647Z] >>> [apiv2][query] POST https://upload-firebasehosting.googleapis.com/upload/sites/trilllo/versions/dd26271101d69a02/files/14772177687bebb5a19ab9004ecc484af74ffe8fac9c2a3fbccdcd8115fba3f2 [none]
[debug] [2022-07-28T00:45:38.647Z] >>> [apiv2][body] POST https://upload-firebasehosting.googleapis.com/upload/sites/trilllo/versions/dd26271101d69a02/files/14772177687bebb5a19ab9004ecc484af74ffe8fac9c2a3fbccdcd8115fba3f2 [stream]
[debug] [2022-07-28T00:45:38.648Z] >>> [apiv2][query] POST https://upload-firebasehosting.googleapis.com/upload/sites/trilllo/versions/dd26271101d69a02/files/0e843d9ed11dd8d4f259ef14ca98ce1117a007c8c4a1b5011a8f65d9f4d0ef34 [none]
[debug] [2022-07-28T00:45:38.648Z] >>> [apiv2][body] POST https://upload-firebasehosting.googleapis.com/upload/sites/trilllo/versions/dd26271101d69a02/files/0e843d9ed11dd8d4f259ef14ca98ce1117a007c8c4a1b5011a8f65d9f4d0ef34 [stream]
[debug] [2022-07-28T00:45:38.648Z] >>> [apiv2][query] POST https://upload-firebasehosting.googleapis.com/upload/sites/trilllo/versions/dd26271101d69a02/files/f7c4bc2d518401dfc32ecfe6ea95463a0c5fa805b2dd15194ce01aa7c95e2720 [none]
[debug] [2022-07-28T00:45:38.648Z] >>> [apiv2][body] POST https://upload-firebasehosting.googleapis.com/upload/sites/trilllo/versions/dd26271101d69a02/files/f7c4bc2d518401dfc32ecfe6ea95463a0c5fa805b2dd15194ce01aa7c95e2720 [stream]
[debug] [2022-07-28T00:45:38.649Z] >>> [apiv2][query] POST https://upload-firebasehosting.googleapis.com/upload/sites/trilllo/versions/dd26271101d69a02/files/84d2deb687f36b23cbbe824272f1d81fcc4043d72c0926f5b745deb9b0283d8a [none]
[debug] [2022-07-28T00:45:38.649Z] >>> [apiv2][body] POST https://upload-firebasehosting.googleapis.com/upload/sites/trilllo/versions/dd26271101d69a02/files/84d2deb687f36b23cbbe824272f1d81fcc4043d72c0926f5b745deb9b0283d8a [stream]
[debug] [2022-07-28T00:45:38.649Z] >>> [apiv2][query] POST https://upload-firebasehosting.googleapis.com/upload/sites/trilllo/versions/dd26271101d69a02/files/befda77e3760911741bf204d20648278346db74ddef13e11b53c61b74b236508 [none]
[debug] [2022-07-28T00:45:38.649Z] >>> [apiv2][body] POST https://upload-firebasehosting.googleapis.com/upload/sites/trilllo/versions/dd26271101d69a02/files/befda77e3760911741bf204d20648278346db74ddef13e11b53c61b74b236508 [stream]
[debug] [2022-07-28T00:45:38.649Z] >>> [apiv2][query] POST https://upload-firebasehosting.googleapis.com/upload/sites/trilllo/versions/dd26271101d69a02/files/f5387f107dfb0f96214c0ff75568798d538811672e77bcccd94bf214cb359d81 [none]
[debug] [2022-07-28T00:45:38.649Z] >>> [apiv2][body] POST https://upload-firebasehosting.googleapis.com/upload/sites/trilllo/versions/dd26271101d69a02/files/f5387f107dfb0f96214c0ff75568798d538811672e77bcccd94bf214cb359d81 [stream]
[debug] [2022-07-28T00:45:38.650Z] >>> [apiv2][query] POST https://upload-firebasehosting.googleapis.com/upload/sites/trilllo/versions/dd26271101d69a02/files/fae03a59ed9c799e2e27f112b8308316a804226e2c18f53224fcbc90515e8dec [none]
[debug] [2022-07-28T00:45:38.650Z] >>> [apiv2][body] POST https://upload-firebasehosting.googleapis.com/upload/sites/trilllo/versions/dd26271101d69a02/files/fae03a59ed9c799e2e27f112b8308316a804226e2c18f53224fcbc90515e8dec [stream]
[debug] [2022-07-28T00:45:38.650Z] >>> [apiv2][query] POST https://upload-firebasehosting.googleapis.com/upload/sites/trilllo/versions/dd26271101d69a02/files/b3b359dad302ac0f3f657bc8a4de20dd701ce3c8b518fd1954081a4f3c46be74 [none]
[debug] [2022-07-28T00:45:38.650Z] >>> [apiv2][body] POST https://upload-firebasehosting.googleapis.com/upload/sites/trilllo/versions/dd26271101d69a02/files/b3b359dad302ac0f3f657bc8a4de20dd701ce3c8b518fd1954081a4f3c46be74 [stream]
[debug] [2022-07-28T00:45:38.650Z] >>> [apiv2][query] POST https://upload-firebasehosting.googleapis.com/upload/sites/trilllo/versions/dd26271101d69a02/files/4070d358d420e7c3a276b7b4a0d6afc6f0dcd49a39bf24f865fb7d5a255a90eb [none]
[debug] [2022-07-28T00:45:38.650Z] >>> [apiv2][body] POST https://upload-firebasehosting.googleapis.com/upload/sites/trilllo/versions/dd26271101d69a02/files/4070d358d420e7c3a276b7b4a0d6afc6f0dcd49a39bf24f865fb7d5a255a90eb [stream]
[debug] [2022-07-28T00:45:38.651Z] >>> [apiv2][query] POST https://upload-firebasehosting.googleapis.com/upload/sites/trilllo/versions/dd26271101d69a02/files/35154e03c7b353c49d9f38341d00c7926c461809fa6b6878b24cfb2161a873fc [none]
[debug] [2022-07-28T00:45:38.651Z] >>> [apiv2][body] POST https://upload-firebasehosting.googleapis.com/upload/sites/trilllo/versions/dd26271101d69a02/files/35154e03c7b353c49d9f38341d00c7926c461809fa6b6878b24cfb2161a873fc [stream]
[debug] [2022-07-28T00:45:38.651Z] [hosting][populate queue][FINAL] {"max":1889,"min":1889,"avg":1889,"active":0,"complete":1,"success":1,"errored":0,"retried":0,"total":1,"elapsed":1905}
[debug] [2022-07-28T00:45:38.651Z] [hosting] uploads queued: 25
